d:\users\skoob\source\repos\lbm_cuda\oceanfft\x64\debug\vc142.pdb
d:\users\skoob\source\repos\lbm_cuda\oceanfft\x64\debug\vc142.idb
d:\users\skoob\source\repos\lbm_cuda\oceanfft\x64\debug\oceanfft.obj
x64\debug\oceanfft_kernel.cu.obj
d:\users\skoob\source\repos\lbm_cuda\bin\win64\debug\oceanfft.ilk
d:\users\skoob\source\repos\lbm_cuda\bin\win64\debug\oceanfft.exe
d:\users\skoob\source\repos\lbm_cuda\bin\win64\debug\oceanfft.pdb
d:\users\skoob\source\repos\lbm_cuda\bin\win64\debug\oceanfft.lib
d:\users\skoob\source\repos\lbm_cuda\bin\win64\debug\oceanfft.exp
d:\users\skoob\source\repos\lbm_cuda\oceanfft\x64\debug\oceanfft_kernel.cu.cache
d:\users\skoob\source\repos\lbm_cuda\oceanfft\x64\debug\oceanfft_kernel.cu.obj
d:\users\skoob\source\repos\lbm_cuda\oceanfft\../bin/win64/debug/oceanfft.exe
d:\users\skoob\source\repos\lbm_cuda\oceanfft\x64\debug\oceanfft.tlog\cl.command.1.tlog
d:\users\skoob\source\repos\lbm_cuda\oceanfft\x64\debug\oceanfft.tlog\cl.read.1.tlog
d:\users\skoob\source\repos\lbm_cuda\oceanfft\x64\debug\oceanfft.tlog\cl.write.1.tlog
d:\users\skoob\source\repos\lbm_cuda\oceanfft\x64\debug\oceanfft.tlog\cudacompile.read.1u.tlog
d:\users\skoob\source\repos\lbm_cuda\oceanfft\x64\debug\oceanfft.tlog\cudacompile.write.1u.tlog
d:\users\skoob\source\repos\lbm_cuda\oceanfft\x64\debug\oceanfft.tlog\link.command.1.tlog
d:\users\skoob\source\repos\lbm_cuda\oceanfft\x64\debug\oceanfft.tlog\link.read.1.tlog
d:\users\skoob\source\repos\lbm_cuda\oceanfft\x64\debug\oceanfft.tlog\link.write.1.tlog
d:\users\skoob\source\repos\lbm_cuda\oceanfft\x64\debug\oceanfft.tlog\oceanfft.write.1u.tlog
