d:\users\skoob\source\repos\lbm_cuda\nbody\x64\debug\vc142.pdb
d:\users\skoob\source\repos\lbm_cuda\nbody\x64\debug\vc142.idb
d:\users\skoob\source\repos\lbm_cuda\nbody\x64\debug\render_particles.obj
d:\users\skoob\source\repos\lbm_cuda\nbody\x64\debug\nbody.obj
x64/debug/bodysystemcuda.cu.obj
d:\users\skoob\source\repos\lbm_cuda\bin\win64\debug\nbody.ilk
d:\users\skoob\source\repos\lbm_cuda\bin\win64\debug\nbody.exe
d:\users\skoob\source\repos\lbm_cuda\bin\win64\debug\nbody.pdb
d:\users\skoob\source\repos\lbm_cuda\bin\win64\debug\nbody.lib
d:\users\skoob\source\repos\lbm_cuda\bin\win64\debug\nbody.exp
d:\users\skoob\source\repos\lbm_cuda\nbody\x64\debug\bodysystemcuda.cu.cache
d:\users\skoob\source\repos\lbm_cuda\nbody\x64\debug\bodysystemcuda.cu.obj
d:\users\skoob\source\repos\lbm_cuda\nbody\../bin/win64/debug/nbody.exe
d:\users\skoob\source\repos\lbm_cuda\nbody\x64\debug\nbody.tlog\cl.command.1.tlog
d:\users\skoob\source\repos\lbm_cuda\nbody\x64\debug\nbody.tlog\cl.read.1.tlog
d:\users\skoob\source\repos\lbm_cuda\nbody\x64\debug\nbody.tlog\cl.write.1.tlog
d:\users\skoob\source\repos\lbm_cuda\nbody\x64\debug\nbody.tlog\cudacompile.read.1u.tlog
d:\users\skoob\source\repos\lbm_cuda\nbody\x64\debug\nbody.tlog\cudacompile.write.1u.tlog
d:\users\skoob\source\repos\lbm_cuda\nbody\x64\debug\nbody.tlog\link.command.1.tlog
d:\users\skoob\source\repos\lbm_cuda\nbody\x64\debug\nbody.tlog\link.read.1.tlog
d:\users\skoob\source\repos\lbm_cuda\nbody\x64\debug\nbody.tlog\link.write.1.tlog
d:\users\skoob\source\repos\lbm_cuda\nbody\x64\debug\nbody.tlog\nbody.write.1u.tlog
